<?xml version="1.0" encoding="UTF-8"?>
<!-- Generated by org.testng.reporters.JUnitReportReporter -->
<testsuite skipped="0" hostname="DESKTOP-27L8JE7" name="testcases.CustomerCommunications" tests="4" failures="0" timestamp="20 Jul 2021 00:52:56 GMT" time="0.026" errors="0">
  <testcase name="checkEmail" time="0.004" classname="testcases.CustomerCommunications"/>
  <testcase name="checkEmail" time="0.006" classname="testcases.CustomerCommunications"/>
  <testcase name="checkEmail" time="0.013" classname="testcases.CustomerCommunications"/>
  <testcase name="checkEmail" time="0.003" classname="testcases.CustomerCommunications"/>
</testsuite> <!-- testcases.CustomerCommunications -->
