<?xml version="1.0" encoding="UTF-8"?>
<!-- Generated by org.testng.reporters.JUnitReportReporter -->
<testsuite skipped="0" hostname="DESKTOP-27L8JE7" name="testcases.BookingSearch" tests="6" failures="0" timestamp="27 Jul 2021 00:34:45 GMT" time="0.020" errors="0">
  <testcase name="selectHotel" time="0.000" classname="testcases.BookingSearch"/>
  <testcase name="enterGuestInfo" time="0.001" classname="testcases.BookingSearch"/>
  <testcase name="enterGuestInfo" time="0.000" classname="testcases.BookingSearch"/>
  <testcase name="searchHotel" time="0.018" classname="testcases.BookingSearch"/>
  <testcase name="searchHotel" time="0.000" classname="testcases.BookingSearch"/>
  <testcase name="selectHotel" time="0.001" classname="testcases.BookingSearch"/>
</testsuite> <!-- testcases.BookingSearch -->
