<?xml version="1.0" encoding="UTF-8"?>
<!-- Generated by org.testng.reporters.JUnitReportReporter -->
<testsuite skipped="0" hostname="DESKTOP-27L8JE7" name="testcases.PaymentManager" tests="8" failures="0" timestamp="20 Jul 2021 00:52:56 GMT" time="0.034" errors="0">
  <testcase name="applyDiscount" time="0.006" classname="testcases.PaymentManager"/>
  <testcase name="makePayment" time="0.001" classname="testcases.PaymentManager"/>
  <testcase name="makePayment" time="0.002" classname="testcases.PaymentManager"/>
  <testcase name="applyDiscount" time="0.001" classname="testcases.PaymentManager"/>
  <testcase name="makePayment" time="0.005" classname="testcases.PaymentManager"/>
  <testcase name="applyDiscount" time="0.009" classname="testcases.PaymentManager"/>
  <testcase name="makePayment" time="0.005" classname="testcases.PaymentManager"/>
  <testcase name="applyDiscount" time="0.005" classname="testcases.PaymentManager"/>
</testsuite> <!-- testcases.PaymentManager -->
