<?xml version="1.0" encoding="UTF-8"?>
<!-- Generated by org.testng.reporters.JUnitReportReporter -->
<testsuite skipped="0" hostname="DESKTOP-27L8JE7" name="testcases.PaymentManager" tests="3" failures="0" timestamp="24 Jul 2021 00:46:55 GMT" time="0.002" errors="0">
  <testcase name="makePayment" time="0.002" classname="testcases.PaymentManager"/>
  <testcase name="applyDiscount" time="0.000" classname="testcases.PaymentManager"/>
  <testcase name="makePayment" time="0.000" classname="testcases.PaymentManager"/>
</testsuite> <!-- testcases.PaymentManager -->
