<?xml version="1.0" encoding="UTF-8"?>
<!-- Generated by org.testng.reporters.JUnitReportReporter -->
<testsuite skipped="0" hostname="DESKTOP-27L8JE7" name="testcases.BookingSearch" tests="15" failures="0" timestamp="21 Jul 2021 00:43:38 GMT" time="0.094" errors="0">
  <testcase name="enterGuestInfo" time="0.003" classname="testcases.BookingSearch"/>
  <testcase name="searchHotel" time="0.017" classname="testcases.BookingSearch"/>
  <testcase name="selectHotel" time="0.003" classname="testcases.BookingSearch"/>
  <testcase name="enterGuestInfo" time="0.003" classname="testcases.BookingSearch"/>
  <testcase name="selectHotel" time="0.002" classname="testcases.BookingSearch"/>
  <testcase name="enterGuestInfo" time="0.008" classname="testcases.BookingSearch"/>
  <testcase name="searchHotel" time="0.001" classname="testcases.BookingSearch"/>
  <testcase name="selectHotel" time="0.003" classname="testcases.BookingSearch"/>
  <testcase name="selectHotel" time="0.013" classname="testcases.BookingSearch"/>
  <testcase name="searchHotel" time="0.002" classname="testcases.BookingSearch"/>
  <testcase name="selectHotel" time="0.002" classname="testcases.BookingSearch"/>
  <testcase name="enterGuestInfo" time="0.003" classname="testcases.BookingSearch"/>
  <testcase name="enterGuestInfo" time="0.002" classname="testcases.BookingSearch"/>
  <testcase name="loadBooking" time="0.027" classname="testcases.BookingSearch"/>
  <testcase name="searchHotel" time="0.005" classname="testcases.BookingSearch"/>
</testsuite> <!-- testcases.BookingSearch -->
