<?xml version="1.0" encoding="UTF-8"?>
<!-- Generated by org.testng.reporters.JUnitReportReporter -->
<testsuite skipped="0" hostname="DESKTOP-27L8JE7" name="testcases.CustomerCommunications" tests="5" failures="0" timestamp="21 Jul 2021 00:43:38 GMT" time="0.029" errors="0">
  <testcase name="checkEmail" time="0.017" classname="testcases.CustomerCommunications"/>
  <testcase name="checkEmail" time="0.003" classname="testcases.CustomerCommunications"/>
  <testcase name="checkEmail" time="0.001" classname="testcases.CustomerCommunications"/>
  <testcase name="checkEmail" time="0.003" classname="testcases.CustomerCommunications"/>
  <testcase name="checkEmail" time="0.005" classname="testcases.CustomerCommunications"/>
</testsuite> <!-- testcases.CustomerCommunications -->
