<?xml version="1.0" encoding="UTF-8"?>
<!-- Generated by org.testng.reporters.JUnitReportReporter -->
<testsuite skipped="0" hostname="DESKTOP-27L8JE7" name="testcases.CustomerCommunications" tests="2" failures="0" timestamp="24 Jul 2021 00:46:55 GMT" time="0.001" errors="0">
  <testcase name="checkEmail" time="0.001" classname="testcases.CustomerCommunications"/>
  <testcase name="checkEmail" time="0.000" classname="testcases.CustomerCommunications"/>
</testsuite> <!-- testcases.CustomerCommunications -->
