<?xml version="1.0" encoding="UTF-8"?>
<!-- Generated by org.testng.reporters.JUnitReportReporter -->
<testsuite skipped="0" hostname="DESKTOP-27L8JE7" name="testcases.BookingSearch" tests="12" failures="0" timestamp="20 Jul 2021 00:52:56 GMT" time="0.110" errors="0">
  <testcase name="enterGuestInfo" time="0.013" classname="testcases.BookingSearch"/>
  <testcase name="searchHotel" time="0.006" classname="testcases.BookingSearch"/>
  <testcase name="searchHotel" time="0.002" classname="testcases.BookingSearch"/>
  <testcase name="searchHotel" time="0.031" classname="testcases.BookingSearch"/>
  <testcase name="selectHotel" time="0.010" classname="testcases.BookingSearch"/>
  <testcase name="selectHotel" time="0.010" classname="testcases.BookingSearch"/>
  <testcase name="selectHotel" time="0.024" classname="testcases.BookingSearch"/>
  <testcase name="searchHotel" time="0.002" classname="testcases.BookingSearch"/>
  <testcase name="enterGuestInfo" time="0.004" classname="testcases.BookingSearch"/>
  <testcase name="enterGuestInfo" time="0.001" classname="testcases.BookingSearch"/>
  <testcase name="enterGuestInfo" time="0.004" classname="testcases.BookingSearch"/>
  <testcase name="selectHotel" time="0.003" classname="testcases.BookingSearch"/>
</testsuite> <!-- testcases.BookingSearch -->
