<?xml version="1.0" encoding="UTF-8"?>
<!-- Generated by org.testng.reporters.JUnitReportReporter -->
<testsuite skipped="0" hostname="DESKTOP-27L8JE7" name="com.project.suiteA.Session" tests="2" failures="0" timestamp="03 Aug 2021 00:55:42 GMT" time="11.857" errors="0">
  <testcase name="doLogin" time="7.969" classname="com.project.suiteA.Session"/>
  <testcase name="doLogin" time="3.888" classname="com.project.suiteA.Session"/>
</testsuite> <!-- com.project.suiteA.Session -->
