<?xml version="1.0" encoding="UTF-8"?>
<!-- Generated by org.testng.reporters.JUnitReportReporter -->
<testsuite skipped="0" hostname="DESKTOP-27L8JE7" name="com.project.suiteA.Session" tests="2" failures="0" timestamp="05 Aug 2021 00:29:25 GMT" time="35.793" errors="0">
  <testcase name="doLogin" time="18.063" classname="com.project.suiteA.Session"/>
  <testcase name="doLogin" time="17.730" classname="com.project.suiteA.Session"/>
</testsuite> <!-- com.project.suiteA.Session -->
