<?xml version="1.0" encoding="UTF-8"?>
<!-- Generated by org.testng.reporters.JUnitReportReporter -->
<testsuite skipped="0" hostname="DESKTOP-27L8JE7" name="com.project.suiteA.CreatePortifolioTest" tests="1" failures="0" timestamp="14 Jul 2021 00:41:18 GMT" time="18.423" errors="0">
  <testcase name="f" time="18.423" classname="com.project.suiteA.CreatePortifolioTest"/>
</testsuite> <!-- com.project.suiteA.CreatePortifolioTest -->
