<?xml version="1.0" encoding="UTF-8"?>
<!-- Generated by org.testng.reporters.JUnitReportReporter -->
<testsuite skipped="0" hostname="DESKTOP-27L8JE7" name="com.project.suiteA.Session" tests="2" failures="0" timestamp="04 Aug 2021 00:53:18 GMT" time="12.465" errors="0">
  <testcase name="doLogin" time="8.619" classname="com.project.suiteA.Session"/>
  <testcase name="doLogin" time="3.846" classname="com.project.suiteA.Session"/>
</testsuite> <!-- com.project.suiteA.Session -->
