<?xml version="1.0" encoding="UTF-8"?>
<!-- Generated by org.testng.reporters.JUnitReportReporter -->
<testsuite skipped="0" hostname="DESKTOP-27L8JE7" name="com.project.suiteA.PortfolioManagement" tests="2" failures="0" timestamp="05 Aug 2021 00:29:25 GMT" time="0.011" errors="0">
  <testcase name="deletePortofolio" time="0.005" classname="com.project.suiteA.PortfolioManagement"/>
  <testcase name="createPortofolio" time="0.006" classname="com.project.suiteA.PortfolioManagement"/>
</testsuite> <!-- com.project.suiteA.PortfolioManagement -->
