<?xml version="1.0" encoding="UTF-8"?>
<!-- Generated by org.testng.reporters.JUnitReportReporter -->
<testsuite skipped="0" hostname="DESKTOP-27L8JE7" name="com.project.suiteA.CreatePortifolioTest" tests="1" failures="0" timestamp="13 Jul 2021 00:50:27 GMT" time="11.994" errors="0">
  <testcase name="f" time="11.994" classname="com.project.suiteA.CreatePortifolioTest"/>
</testsuite> <!-- com.project.suiteA.CreatePortifolioTest -->
