<?xml version="1.0" encoding="UTF-8"?>
<!-- Generated by org.testng.reporters.JUnitReportReporter -->
<testsuite skipped="0" hostname="DESKTOP-27L8JE7" name="com.project.suiteA.Session" tests="2" failures="0" timestamp="28 Jul 2021 00:44:04 GMT" time="0.032" errors="0">
  <testcase name="doLogin" time="0.023" classname="com.project.suiteA.Session"/>
  <testcase name="doLogin" time="0.009" classname="com.project.suiteA.Session"/>
</testsuite> <!-- com.project.suiteA.Session -->
