<?xml version="1.0" encoding="UTF-8"?>
<!-- Generated by org.testng.reporters.JUnitReportReporter -->
<testsuite skipped="0" hostname="DESKTOP-27L8JE7" name="com.project.suiteA.PortfolioManagement" tests="2" failures="0" timestamp="04 Aug 2021 00:53:18 GMT" time="5.643" errors="0">
  <testcase name="deletePortofolio" time="0.027" classname="com.project.suiteA.PortfolioManagement"/>
  <testcase name="createPortofolio" time="5.616" classname="com.project.suiteA.PortfolioManagement"/>
</testsuite> <!-- com.project.suiteA.PortfolioManagement -->
