<?xml version="1.0" encoding="UTF-8"?>
<!-- Generated by org.testng.reporters.JUnitReportReporter -->
<testsuite skipped="0" hostname="DESKTOP-27L8JE7" name="testcases.Login" tests="1" failures="0" timestamp="2021-07-22T05:59:36 IST" time="0.012" errors="0">
  <testcase name="f" time="0.012" classname="testcases.Login"/>
  <system-out/>
</testsuite> <!-- testcases.Login -->
