<?xml version="1.0" encoding="UTF-8"?>
<!-- Generated by org.testng.reporters.JUnitReportReporter -->
<testsuite skipped="0" hostname="DESKTOP-27L8JE7" name="demogroup.SampleProject.CheckBox1" tests="1" failures="0" timestamp="2021-06-04T07:18:45 IST" time="58.911" errors="0">
  <testcase name="checkboxTest" time="58.911" classname="demogroup.SampleProject.CheckBox1"/>
  <system-out/>
</testsuite> <!-- demogroup.SampleProject.CheckBox1 -->
