<?xml version="1.0" encoding="UTF-8"?>
<!-- Generated by org.testng.reporters.JUnitReportReporter -->
<testsuite skipped="0" hostname="DESKTOP-27L8JE7" name="demogroup.SampleProject.NewTest" tests="3" failures="0" timestamp="2021-06-07T06:23:41 IST" time="0.127" errors="0">
  <testcase name="test2" time="0.043" classname="demogroup.SampleProject.NewTest"/>
  <system-out/>
  <testcase name="test1" time="0.042" classname="demogroup.SampleProject.NewTest"/>
  <system-out/>
  <testcase name="test3" time="0.042" classname="demogroup.SampleProject.NewTest"/>
  <system-out/>
</testsuite> <!-- demogroup.SampleProject.NewTest -->
