<?xml version="1.0" encoding="UTF-8"?>
<!-- Generated by org.testng.reporters.JUnitReportReporter -->
<testsuite skipped="0" hostname="DESKTOP-27L8JE7" name="suiteA.TestA1" tests="1" failures="0" timestamp="2021-06-07T06:44:59 IST" time="3.004" errors="0">
  <testcase name="testA1" time="3.004" classname="suiteA.TestA1"/>
  <system-out/>
</testsuite> <!-- suiteA.TestA1 -->
