<?xml version="1.0" encoding="UTF-8"?>
<!-- Generated by org.testng.reporters.JUnitReportReporter -->
<testsuite skipped="0" hostname="DESKTOP-27L8JE7" name="demogroup.SampleProject.CheckBox1" tests="1" failures="0" timestamp="2021-06-08T06:26:04 IST" time="39.090" errors="0">
  <testcase name="checkboxTest" time="39.090" classname="demogroup.SampleProject.CheckBox1"/>
  <system-out/>
</testsuite> <!-- demogroup.SampleProject.CheckBox1 -->
