<?xml version="1.0" encoding="UTF-8"?>
<!-- Generated by org.testng.reporters.JUnitReportReporter -->
<testsuite skipped="0" hostname="DESKTOP-27L8JE7" name="excelDataDriven.DataManagementWithHashTable" tests="2" failures="0" timestamp="18 Jun 2021 00:38:21 GMT" time="0.036" errors="0">
  <testcase name="f" time="0.023" classname="excelDataDriven.DataManagementWithHashTable"/>
  <testcase name="f" time="0.013" classname="excelDataDriven.DataManagementWithHashTable"/>
</testsuite> <!-- excelDataDriven.DataManagementWithHashTable -->
