<?xml version="1.0" encoding="UTF-8"?>
<!-- Generated by org.testng.reporters.JUnitReportReporter -->
<testsuite skipped="0" hostname="DESKTOP-27L8JE7" name="demogroup.SampleProject.RadioButton1" tests="1" failures="0" timestamp="2021-06-08T06:26:04 IST" time="24.867" errors="0">
  <testcase name="radioButton1" time="24.867" classname="demogroup.SampleProject.RadioButton1"/>
  <system-out/>
</testsuite> <!-- demogroup.SampleProject.RadioButton1 -->
