<?xml version="1.0" encoding="UTF-8"?>
<!-- Generated by org.testng.reporters.JUnitReportReporter -->
<testsuite skipped="0" hostname="DESKTOP-27L8JE7" name="demogroup.SampleProject.TNG_001" tests="1" failures="0" timestamp="2021-06-08T06:28:25 IST" time="58.169" errors="0">
  <testcase name="amazon" time="58.169" classname="demogroup.SampleProject.TNG_001"/>
  <system-out/>
</testsuite> <!-- demogroup.SampleProject.TNG_001 -->
