<?xml version="1.0" encoding="UTF-8"?>
<!-- Generated by org.testng.reporters.JUnitReportReporter -->
<testsuite skipped="0" hostname="DESKTOP-27L8JE7" name="demogroup.SampleProject.LinksTesting1" tests="1" failures="0" timestamp="2021-06-04T07:18:45 IST" time="20.899" errors="0">
  <testcase name="linktesting1" time="20.899" classname="demogroup.SampleProject.LinksTesting1"/>
  <system-out>
Clicked on Image Link  </system-out>
</testsuite> <!-- demogroup.SampleProject.LinksTesting1 -->
