<?xml version="1.0" encoding="UTF-8"?>
<!-- Generated by org.testng.reporters.JUnitReportReporter -->
<testsuite skipped="1" hostname="DESKTOP-27L8JE7" name="pom.POM_001" tests="2" failures="0" timestamp="23 Jun 2021 01:11:56 GMT" time="24.775" errors="0">
  <testcase name="registrationTest" time="24.775" classname="pom.POM_001"/>
  <testcase name="loginTest" classname="pom.POM_001">
    <skipped/>
  </testcase> <!-- loginTest -->
</testsuite> <!-- pom.POM_001 -->
