<?xml version="1.0" encoding="UTF-8"?>
<!-- Generated by org.testng.reporters.JUnitReportReporter -->
<testsuite skipped="1" hostname="DESKTOP-27L8JE7" name="demogroup.SampleProject.NewTest1" tests="3" failures="0" timestamp="2021-06-04T06:20:33 IST" time="0.033" errors="0">
  <testcase name="f" time="0.025" classname="demogroup.SampleProject.NewTest1"/>
  <system-out/>
  <testcase name="a" time="0.008" classname="demogroup.SampleProject.NewTest1"/>
  <system-out/>
  <testcase name="z" classname="demogroup.SampleProject.NewTest1">
    <skipped/>
  </testcase> <!-- z -->
  <system-out/>
</testsuite> <!-- demogroup.SampleProject.NewTest1 -->
