<?xml version="1.0" encoding="UTF-8"?>
<!-- Generated by org.testng.reporters.JUnitReportReporter -->
<testsuite skipped="0" hostname="DESKTOP-27L8JE7" name="suiteA.TestA2" tests="1" failures="0" timestamp="2021-06-07T06:44:59 IST" time="3.020" errors="0">
  <testcase name="testA2" time="3.020" classname="suiteA.TestA2"/>
  <system-out/>
</testsuite> <!-- suiteA.TestA2 -->
