<?xml version="1.0" encoding="UTF-8"?>
<!-- Generated by org.testng.reporters.JUnitReportReporter -->
<testsuite skipped="0" hostname="DESKTOP-27L8JE7" name="switches.AlertHandling" tests="1" failures="0" timestamp="29 Jun 2021 00:16:13 GMT" time="17.638" errors="0">
  <testcase name="f" time="17.638" classname="switches.AlertHandling"/>
</testsuite> <!-- switches.AlertHandling -->
