<?xml version="1.0" encoding="UTF-8"?>
<!-- Generated by org.testng.reporters.JUnitReportReporter -->
<testsuite skipped="1" hostname="DESKTOP-27L8JE7" name="excelDataDriven.DataManagentFinalVersion" tests="2" failures="0" timestamp="18 Jun 2021 00:57:44 GMT" time="36.747" errors="0">
  <testcase name="f" time="36.743" classname="excelDataDriven.DataManagentFinalVersion"/>
  <testcase name="f" time="0.004" classname="excelDataDriven.DataManagentFinalVersion">
    <skipped/>
  </testcase> <!-- f -->
</testsuite> <!-- excelDataDriven.DataManagentFinalVersion -->
