<?xml version="1.0" encoding="UTF-8"?>
<!-- Generated by org.testng.reporters.JUnitReportReporter -->
<testsuite skipped="0" hostname="DESKTOP-27L8JE7" name="demogroup.SampleProject.NewTest" tests="1" failures="0" timestamp="2021-06-03T07:18:14 IST" time="0.046" errors="0">
  <testcase name="f" time="0.046" classname="demogroup.SampleProject.NewTest"/>
  <system-out/>
</testsuite> <!-- demogroup.SampleProject.NewTest -->
