<?xml version="1.0" encoding="UTF-8"?>
<!-- Generated by org.testng.reporters.JUnitReportReporter -->
<testsuite skipped="0" hostname="DESKTOP-27L8JE7" name="suiteA.TestA3" tests="1" failures="0" timestamp="2021-06-07T06:44:59 IST" time="3.010" errors="0">
  <testcase name="testA3" time="3.010" classname="suiteA.TestA3"/>
  <system-out/>
</testsuite> <!-- suiteA.TestA3 -->
