<?xml version="1.0" encoding="UTF-8"?>
<!-- Generated by org.testng.reporters.JUnitReportReporter -->
<testsuite skipped="2" hostname="DESKTOP-27L8JE7" name="demogroup.SampleProject.TestDependency" tests="4" failures="0" timestamp="2021-06-08T06:46:44 IST" time="0.033" errors="0">
  <testcase name="orange" time="0.018" classname="demogroup.SampleProject.TestDependency"/>
  <system-out/>
  <testcase name="white" time="0.005" classname="demogroup.SampleProject.TestDependency"/>
  <system-out/>
  <testcase name="blue" time="0.009" classname="demogroup.SampleProject.TestDependency">
    <skipped/>
  </testcase> <!-- blue -->
  <system-out/>
  <testcase name="green" time="0.001" classname="demogroup.SampleProject.TestDependency">
    <skipped/>
  </testcase> <!-- green -->
  <system-out/>
</testsuite> <!-- demogroup.SampleProject.TestDependency -->
