<?xml version="1.0" encoding="UTF-8"?>
<!-- Generated by org.testng.reporters.JUnitReportReporter -->
<testsuite skipped="0" hostname="DESKTOP-27L8JE7" name="pom.POM_001" tests="1" failures="0" timestamp="22 Jun 2021 00:53:42 GMT" time="22.372" errors="0">
  <testcase name="loginTest" time="22.372" classname="pom.POM_001"/>
</testsuite> <!-- pom.POM_001 -->
