<?xml version="1.0" encoding="UTF-8"?>
<!-- Generated by org.testng.reporters.JUnitReportReporter -->
<testsuite skipped="6" hostname="DESKTOP-27L8JE7" name="actionsAndJavascriptExecutors.MouseOperations" tests="7" failures="0" timestamp="30 Jun 2021 00:53:48 GMT" time="21.733" errors="0">
  <testcase name="autoSuggestion" time="21.733" classname="actionsAndJavascriptExecutors.MouseOperations"/>
  <testcase name="MoveToelement" classname="actionsAndJavascriptExecutors.MouseOperations">
    <skipped/>
  </testcase> <!-- MoveToelement -->
  <testcase name="dragAnddrop" classname="actionsAndJavascriptExecutors.MouseOperations">
    <skipped/>
  </testcase> <!-- dragAnddrop -->
  <testcase name="rightClickMethod" classname="actionsAndJavascriptExecutors.MouseOperations">
    <skipped/>
  </testcase> <!-- rightClickMethod -->
  <testcase name="Browserslider" classname="actionsAndJavascriptExecutors.MouseOperations">
    <skipped/>
  </testcase> <!-- Browserslider -->
  <testcase name="slider" classname="actionsAndJavascriptExecutors.MouseOperations">
    <skipped/>
  </testcase> <!-- slider -->
  <testcase name="resizeMethod" classname="actionsAndJavascriptExecutors.MouseOperations">
    <skipped/>
  </testcase> <!-- resizeMethod -->
</testsuite> <!-- actionsAndJavascriptExecutors.MouseOperations -->
