<?xml version="1.0" encoding="UTF-8"?>
<!-- Generated by org.testng.reporters.JUnitReportReporter -->
<testsuite skipped="0" hostname="DESKTOP-27L8JE7" name="switches.FileUpload" tests="1" failures="0" timestamp="29 Jun 2021 00:45:09 GMT" time="17.768" errors="0">
  <testcase name="fileupload" time="17.768" classname="switches.FileUpload"/>
</testsuite> <!-- switches.FileUpload -->
