<?xml version="1.0" encoding="UTF-8"?>
<!-- Generated by org.testng.reporters.JUnitReportReporter -->
<testsuite skipped="0" hostname="DESKTOP-27L8JE7" name="demogroup.SampleProject.TNG_001" tests="1" failures="0" timestamp="19 Jun 2021 00:44:23 GMT" time="59.866" errors="0">
  <testcase name="amazon" time="59.866" classname="demogroup.SampleProject.TNG_001"/>
</testsuite> <!-- demogroup.SampleProject.TNG_001 -->
